jun 27, 2022 11:16:19 AM org.eclipse.birt.chart.device.swt.SwtDisplayServer <init>
INFORMA합ES: SWT Display Server: win32 v4.333
jun 27, 2022 11:16:19 AM org.eclipse.birt.chart.device.swt.SwtDisplayServer <init>
INFORMA합ES: SWT Display Server: win32 v4.333
jun 27, 2022 11:16:23 AM org.eclipse.birt.chart.device.swt.R31Enhance <clinit>
INFORMA합ES: Advanced SWT graphics functions enabled.
jun 27, 2022 11:16:23 AM org.eclipse.birt.chart.device.swt.SwtRendererImpl setProperty
INFORMA합ES: Using graphics context org.eclipse.swt.graphics.GC@GC {1241583704}
jun 27, 2022 11:16:25 AM org.eclipse.birt.chart.render.EmptyWithAxes renderSeries
INFORMA합ES: org.eclipse.birt.chart.render.EmptyWithAxes: renderSeries() [1/2]
jun 27, 2022 11:16:25 AM org.eclipse.birt.chart.extension.render.Bar renderSeries
INFORMA합ES: org.eclipse.birt.chart.extension.render.Bar: renderSeries() [2/2]
jun 27, 2022 11:16:25 AM org.eclipse.birt.chart.device.swt.SwtRendererImpl enableInteraction
INFORMA합ES: Cannot enable interaction if an IUpdateNotifier is not associated with the renderer.
jun 27, 2022 11:16:25 AM org.eclipse.birt.chart.device.swt.SwtRendererImpl enableInteraction
INFORMA합ES: Cannot enable interaction if an IUpdateNotifier is not associated with the renderer.
jun 27, 2022 11:16:25 AM org.eclipse.birt.chart.device.swt.SwtRendererImpl enableInteraction
INFORMA합ES: Cannot enable interaction if an IUpdateNotifier is not associated with the renderer.
jun 27, 2022 11:16:25 AM org.eclipse.birt.chart.device.swt.SwtRendererImpl enableInteraction
INFORMA합ES: Cannot enable interaction if an IUpdateNotifier is not associated with the renderer.
jun 27, 2022 11:16:25 AM org.eclipse.birt.chart.device.swt.SwtRendererImpl enableInteraction
INFORMA합ES: Cannot enable interaction if an IUpdateNotifier is not associated with the renderer.
jun 27, 2022 11:16:25 AM org.eclipse.birt.chart.device.swt.SwtRendererImpl enableInteraction
INFORMA합ES: Cannot enable interaction if an IUpdateNotifier is not associated with the renderer.
jun 27, 2022 11:16:25 AM org.eclipse.birt.chart.device.swt.SwtRendererImpl enableInteraction
INFORMA합ES: Cannot enable interaction if an IUpdateNotifier is not associated with the renderer.
jun 27, 2022 11:16:25 AM org.eclipse.birt.chart.device.swt.SwtRendererImpl enableInteraction
INFORMA합ES: Cannot enable interaction if an IUpdateNotifier is not associated with the renderer.
jun 27, 2022 11:16:25 AM org.eclipse.birt.chart.device.swt.SwtRendererImpl enableInteraction
INFORMA합ES: Cannot enable interaction if an IUpdateNotifier is not associated with the renderer.
jun 27, 2022 11:16:25 AM org.eclipse.birt.chart.device.swt.SwtRendererImpl enableInteraction
INFORMA합ES: Cannot enable interaction if an IUpdateNotifier is not associated with the renderer.
jun 27, 2022 11:16:25 AM org.eclipse.birt.chart.device.swt.SwtRendererImpl enableInteraction
INFORMA합ES: Cannot enable interaction if an IUpdateNotifier is not associated with the renderer.
jun 27, 2022 11:16:25 AM org.eclipse.birt.chart.device.swt.SwtRendererImpl enableInteraction
INFORMA합ES: Cannot enable interaction if an IUpdateNotifier is not associated with the renderer.
jun 27, 2022 11:16:25 AM org.eclipse.birt.chart.device.swt.SwtRendererImpl enableInteraction
INFORMA합ES: Cannot enable interaction if an IUpdateNotifier is not associated with the renderer.
jun 27, 2022 11:16:25 AM org.eclipse.birt.chart.device.swt.SwtRendererImpl enableInteraction
INFORMA합ES: Cannot enable interaction if an IUpdateNotifier is not associated with the renderer.
jun 27, 2022 11:16:25 AM org.eclipse.birt.chart.device.swt.SwtRendererImpl enableInteraction
INFORMA합ES: Cannot enable interaction if an IUpdateNotifier is not associated with the renderer.
jun 27, 2022 11:16:25 AM org.eclipse.birt.chart.device.swt.SwtRendererImpl enableInteraction
INFORMA합ES: Cannot enable interaction if an IUpdateNotifier is not associated with the renderer.
jun 27, 2022 11:16:25 AM org.eclipse.birt.chart.device.swt.SwtRendererImpl enableInteraction
INFORMA합ES: Cannot enable interaction if an IUpdateNotifier is not associated with the renderer.
jun 27, 2022 11:16:25 AM org.eclipse.birt.chart.device.swt.SwtRendererImpl enableInteraction
INFORMA합ES: Cannot enable interaction if an IUpdateNotifier is not associated with the renderer.
jun 27, 2022 11:16:25 AM org.eclipse.birt.chart.device.swt.SwtRendererImpl enableInteraction
INFORMA합ES: Cannot enable interaction if an IUpdateNotifier is not associated with the renderer.
jun 27, 2022 11:16:25 AM org.eclipse.birt.chart.device.swt.SwtRendererImpl enableInteraction
INFORMA합ES: Cannot enable interaction if an IUpdateNotifier is not associated with the renderer.
jun 27, 2022 11:16:25 AM org.eclipse.birt.chart.device.swt.SwtRendererImpl enableInteraction
INFORMA합ES: Cannot enable interaction if an IUpdateNotifier is not associated with the renderer.
jun 27, 2022 11:16:28 AM org.eclipse.birt.chart.device.swt.SwtRendererImpl setProperty
INFORMA합ES: Using graphics context org.eclipse.swt.graphics.GC@GC {1241583704}
jun 27, 2022 11:16:29 AM org.eclipse.birt.chart.render.EmptyWithAxes renderSeries
INFORMA합ES: org.eclipse.birt.chart.render.EmptyWithAxes: renderSeries() [1/2]
jun 27, 2022 11:16:29 AM org.eclipse.birt.chart.extension.render.Bar renderSeries
INFORMA합ES: org.eclipse.birt.chart.extension.render.Bar: renderSeries() [2/2]
jun 27, 2022 11:16:29 AM org.eclipse.birt.chart.device.swt.SwtRendererImpl enableInteraction
INFORMA합ES: Cannot enable interaction if an IUpdateNotifier is not associated with the renderer.
jun 27, 2022 11:16:29 AM org.eclipse.birt.chart.device.swt.SwtRendererImpl enableInteraction
INFORMA합ES: Cannot enable interaction if an IUpdateNotifier is not associated with the renderer.
jun 27, 2022 11:16:29 AM org.eclipse.birt.chart.device.swt.SwtRendererImpl enableInteraction
INFORMA합ES: Cannot enable interaction if an IUpdateNotifier is not associated with the renderer.
jun 27, 2022 11:16:29 AM org.eclipse.birt.chart.device.swt.SwtRendererImpl enableInteraction
INFORMA합ES: Cannot enable interaction if an IUpdateNotifier is not associated with the renderer.
jun 27, 2022 11:16:29 AM org.eclipse.birt.chart.device.swt.SwtRendererImpl enableInteraction
INFORMA합ES: Cannot enable interaction if an IUpdateNotifier is not associated with the renderer.
jun 27, 2022 11:16:29 AM org.eclipse.birt.chart.device.swt.SwtRendererImpl enableInteraction
INFORMA합ES: Cannot enable interaction if an IUpdateNotifier is not associated with the renderer.
jun 27, 2022 11:16:29 AM org.eclipse.birt.chart.device.swt.SwtRendererImpl enableInteraction
INFORMA합ES: Cannot enable interaction if an IUpdateNotifier is not associated with the renderer.
jun 27, 2022 11:16:29 AM org.eclipse.birt.chart.device.swt.SwtRendererImpl enableInteraction
INFORMA합ES: Cannot enable interaction if an IUpdateNotifier is not associated with the renderer.
jun 27, 2022 11:16:29 AM org.eclipse.birt.chart.device.swt.SwtRendererImpl enableInteraction
INFORMA합ES: Cannot enable interaction if an IUpdateNotifier is not associated with the renderer.
jun 27, 2022 11:16:29 AM org.eclipse.birt.chart.device.swt.SwtRendererImpl enableInteraction
INFORMA합ES: Cannot enable interaction if an IUpdateNotifier is not associated with the renderer.
jun 27, 2022 11:16:29 AM org.eclipse.birt.chart.device.swt.SwtRendererImpl enableInteraction
INFORMA합ES: Cannot enable interaction if an IUpdateNotifier is not associated with the renderer.
jun 27, 2022 11:16:29 AM org.eclipse.birt.chart.device.swt.SwtRendererImpl enableInteraction
INFORMA합ES: Cannot enable interaction if an IUpdateNotifier is not associated with the renderer.
jun 27, 2022 11:16:29 AM org.eclipse.birt.chart.device.swt.SwtRendererImpl enableInteraction
INFORMA합ES: Cannot enable interaction if an IUpdateNotifier is not associated with the renderer.
jun 27, 2022 11:16:29 AM org.eclipse.birt.chart.device.swt.SwtRendererImpl enableInteraction
INFORMA합ES: Cannot enable interaction if an IUpdateNotifier is not associated with the renderer.
jun 27, 2022 11:16:29 AM org.eclipse.birt.chart.device.swt.SwtRendererImpl enableInteraction
INFORMA합ES: Cannot enable interaction if an IUpdateNotifier is not associated with the renderer.
jun 27, 2022 11:16:29 AM org.eclipse.birt.chart.device.swt.SwtRendererImpl enableInteraction
INFORMA합ES: Cannot enable interaction if an IUpdateNotifier is not associated with the renderer.
jun 27, 2022 11:16:29 AM org.eclipse.birt.chart.device.swt.SwtRendererImpl enableInteraction
INFORMA합ES: Cannot enable interaction if an IUpdateNotifier is not associated with the renderer.
jun 27, 2022 11:16:29 AM org.eclipse.birt.chart.device.swt.SwtRendererImpl enableInteraction
INFORMA합ES: Cannot enable interaction if an IUpdateNotifier is not associated with the renderer.
jun 27, 2022 11:16:29 AM org.eclipse.birt.chart.device.swt.SwtRendererImpl enableInteraction
INFORMA합ES: Cannot enable interaction if an IUpdateNotifier is not associated with the renderer.
jun 27, 2022 11:16:29 AM org.eclipse.birt.chart.device.swt.SwtRendererImpl enableInteraction
INFORMA합ES: Cannot enable interaction if an IUpdateNotifier is not associated with the renderer.
jun 27, 2022 11:16:29 AM org.eclipse.birt.chart.device.swt.SwtRendererImpl enableInteraction
INFORMA합ES: Cannot enable interaction if an IUpdateNotifier is not associated with the renderer.
